<?xml version="1.0" encoding="UTF-8"?>
<!-- Generated by org.testng.reporters.JUnitReportReporter -->
<testsuite hostname="LAPTOP-NAMBU" failures="0" tests="3" name="testRunners.LoginPageRunner" time="20.506" errors="0" timestamp="2025-02-15T16:45:46 IST" skipped="0">
  <testcase classname="testRunners.LoginPageRunner" name="runScenario" time="3.852"/>
  <testcase classname="testRunners.LoginPageRunner" name="runScenario" time="4.621"/>
  <testcase classname="testRunners.LoginPageRunner" name="runScenario" time="12.033"/>
</testsuite> <!-- testRunners.LoginPageRunner -->
